# JRE version: OpenJDK Runtime Environment Temurin-21.0.10+7 (21.0.10+7) (build 21.0.10+7-LTS)
# Java VM: OpenJDK 64-Bit Server VM Temurin-21.0.10+7 (21.0.10+7-LTS, mixed mode, sharing, tiered, compressed oops, compressed class ptrs, parallel gc, windows-amd64)
GC Precious Log:
 CardTable entry size: 512
 CPUs: 8 total, 8 available
 Memory: 24434M
 Large Page Support: Disabled
 NUMA Support: Disabled
 Compressed Oops: Enabled (32-bit)
 Alignments: Space 512K, Generation 512K, Heap 2M
 Heap Min Capacity: 100M
 Heap Initial Capacity: 100M
 Heap Max Capacity: 2G
 Pre-touch: Disabled
 Parallel Workers: 8
Heap:
 PSYoungGen      total 1536K, used 1514K [0x00000000d5580000, 0x00000000d5900000, 0x0000000100000000)
  eden space 1024K, 99% used [0x00000000d5580000,0x00000000d567e280,0x00000000d5680000)
  from space 512K, 97% used [0x00000000d5780000,0x00000000d57fc730,0x00000000d5800000)
  to   space 1024K, 0% used [0x00000000d5680000,0x00000000d5680000,0x00000000d5780000)
 ParOldGen       total 453120K, used 386980K [0x0000000080000000, 0x000000009ba80000, 0x00000000d5580000)
  object space 453120K, 85% used [0x0000000080000000,0x00000000979e9060,0x000000009ba80000)
 Metaspace       used 82592K, committed 84480K, reserved 1179648K
  class space    used 8243K, committed 9088K, reserved 1048576K
GC Heap History (20 events):
Event: 6436.668 GC heap before
{Heap before GC invocations=1700 (full 5):
 PSYoungGen      total 4096K, used 3700K [0x00000000d5580000, 0x00000000d5b80000, 0x0000000100000000)
  eden space 3072K, 98% used [0x00000000d5580000,0x00000000d5873670,0x00000000d5880000)
  from space 1024K, 66% used [0x00000000d5a80000,0x00000000d5b29bb0,0x00000000d5b80000)
  to   space 1536K, 0% used [0x00000000d5880000,0x00000000d5880000,0x00000000d5a00000)
 ParOldGen       total 453120K, used 308766K [0x0000000080000000, 0x000000009ba80000, 0x00000000d5580000)
  object space 453120K, 68% used [0x0000000080000000,0x0000000092d87940,0x000000009ba80000)
 Metaspace       used 81201K, committed 83072K, reserved 1179648K
  class space    used 8072K, committed 8896K, reserved 1048576K
}
Event: 6436.670 GC heap after
{Heap after GC invocations=1700 (full 5):
 PSYoungGen      total 4608K, used 768K [0x00000000d5580000, 0x00000000d5b00000, 0x0000000100000000)
  eden space 3072K, 0% used [0x00000000d5580000,0x00000000d5580000,0x00000000d5880000)
  from space 1536K, 50% used [0x00000000d5880000,0x00000000d5940020,0x00000000d5a00000)
  to   space 1024K, 0% used [0x00000000d5a00000,0x00000000d5a00000,0x00000000d5b00000)
 ParOldGen       total 453120K, used 309307K [0x0000000080000000, 0x000000009ba80000, 0x00000000d5580000)
  object space 453120K, 68% used [0x0000000080000000,0x0000000092e0eee8,0x000000009ba80000)
 Metaspace       used 81201K, committed 83072K, reserved 1179648K
  class space    used 8072K, committed 8896K, reserved 1048576K
}
Event: 6436.859 GC heap before
{Heap before GC invocations=1701 (full 5):
 PSYoungGen      total 4608K, used 3840K [0x00000000d5580000, 0x00000000d5b00000, 0x0000000100000000)
  eden space 3072K, 100% used [0x00000000d5580000,0x00000000d5880000,0x00000000d5880000)
  from space 1536K, 50% used [0x00000000d5880000,0x00000000d5940020,0x00000000d5a00000)
  to   space 1024K, 0% used [0x00000000d5a00000,0x00000000d5a00000,0x00000000d5b00000)
 ParOldGen       total 453120K, used 309307K [0x0000000080000000, 0x000000009ba80000, 0x00000000d5580000)
  object space 453120K, 68% used [0x0000000080000000,0x0000000092e0eee8,0x000000009ba80000)
 Metaspace       used 81361K, committed 83264K, reserved 1179648K
  class space    used 8095K, committed 8960K, reserved 1048576K
}
Event: 6436.861 GC heap after
{Heap after GC invocations=1701 (full 5):
 PSYoungGen      total 3584K, used 431K [0x00000000d5580000, 0x00000000d5a80000, 0x0000000100000000)
  eden space 3072K, 0% used [0x00000000d5580000,0x00000000d5580000,0x00000000d5880000)
  from space 512K, 84% used [0x00000000d5a00000,0x00000000d5a6bcc8,0x00000000d5a80000)
  to   space 1024K, 0% used [0x00000000d5880000,0x00000000d5880000,0x00000000d5980000)
 ParOldGen       total 453120K, used 309943K [0x0000000080000000, 0x000000009ba80000, 0x00000000d5580000)
  object space 453120K, 68% used [0x0000000080000000,0x0000000092eadd70,0x000000009ba80000)
 Metaspace       used 81361K, committed 83264K, reserved 1179648K
  class space    used 8095K, committed 8960K, reserved 1048576K
}
Event: 6437.021 GC heap before
{Heap before GC invocations=1702 (full 5):
 PSYoungGen      total 3584K, used 3488K [0x00000000d5580000, 0x00000000d5a80000, 0x0000000100000000)
  eden space 3072K, 99% used [0x00000000d5580000,0x00000000d587c4f8,0x00000000d5880000)
  from space 512K, 84% used [0x00000000d5a00000,0x00000000d5a6bcc8,0x00000000d5a80000)
  to   space 1024K, 0% used [0x00000000d5880000,0x00000000d5880000,0x00000000d5980000)
 ParOldGen       total 453120K, used 309943K [0x0000000080000000, 0x000000009ba80000, 0x00000000d5580000)
  object space 453120K, 68% used [0x0000000080000000,0x0000000092eadd70,0x000000009ba80000)
 Metaspace       used 81473K, committed 83392K, reserved 1179648K
  class space    used 8119K, committed 8960K, reserved 1048576K
}
Event: 6437.022 GC heap after
{Heap after GC invocations=1702 (full 5):
 PSYoungGen      total 4096K, used 512K [0x00000000d5580000, 0x00000000d5a80000, 0x0000000100000000)
  eden space 3072K, 0% used [0x00000000d5580000,0x00000000d5580000,0x00000000d5880000)
  from space 1024K, 50% used [0x00000000d5880000,0x00000000d5900000,0x00000000d5980000)
  to   space 1024K, 0% used [0x00000000d5980000,0x00000000d5980000,0x00000000d5a80000)
 ParOldGen       total 453120K, used 310234K [0x0000000080000000, 0x000000009ba80000, 0x00000000d5580000)
  object space 453120K, 68% used [0x0000000080000000,0x0000000092ef6a88,0x000000009ba80000)
 Metaspace       used 81473K, committed 83392K, reserved 1179648K
  class space    used 8119K, committed 8960K, reserved 1048576K
}
Event: 6437.131 GC heap before
{Heap before GC invocations=1703 (full 5):
 PSYoungGen      total 4096K, used 3584K [0x00000000d5580000, 0x00000000d5a80000, 0x0000000100000000)
  eden space 3072K, 100% used [0x00000000d5580000,0x00000000d5880000,0x00000000d5880000)
  from space 1024K, 50% used [0x00000000d5880000,0x00000000d5900000,0x00000000d5980000)
  to   space 1024K, 0% used [0x00000000d5980000,0x00000000d5980000,0x00000000d5a80000)
 ParOldGen       total 453120K, used 310234K [0x0000000080000000, 0x000000009ba80000, 0x00000000d5580000)
  object space 453120K, 68% used [0x0000000080000000,0x0000000092ef6a88,0x000000009ba80000)
 Metaspace       used 81517K, committed 83392K, reserved 1179648K
  class space    used 8125K, committed 8960K, reserved 1048576K
}
Event: 6437.133 GC heap after
{Heap after GC invocations=1703 (full 5):
 PSYoungGen      total 4096K, used 717K [0x00000000d5580000, 0x00000000d5a80000, 0x0000000100000000)
  eden space 3072K, 0% used [0x00000000d5580000,0x00000000d5580000,0x00000000d5880000)
  from space 1024K, 70% used [0x00000000d5980000,0x00000000d5a33570,0x00000000d5a80000)
  to   space 1024K, 0% used [0x00000000d5880000,0x00000000d5880000,0x00000000d5980000)
 ParOldGen       total 453120K, used 310573K [0x0000000080000000, 0x000000009ba80000, 0x00000000d5580000)
  object space 453120K, 68% used [0x0000000080000000,0x0000000092f4b670,0x000000009ba80000)
 Metaspace       used 81517K, committed 83392K, reserved 1179648K
  class space    used 8125K, committed 8960K, reserved 1048576K
}
Event: 6437.172 GC heap before
{Heap before GC invocations=1704 (full 5):
 PSYoungGen      total 4096K, used 3789K [0x00000000d5580000, 0x00000000d5a80000, 0x0000000100000000)
  eden space 3072K, 100% used [0x00000000d5580000,0x00000000d5880000,0x00000000d5880000)
  from space 1024K, 70% used [0x00000000d5980000,0x00000000d5a33570,0x00000000d5a80000)
  to   space 1024K, 0% used [0x00000000d5880000,0x00000000d5880000,0x00000000d5980000)
 ParOldGen       total 453120K, used 310573K [0x0000000080000000, 0x000000009ba80000, 0x00000000d5580000)
  object space 453120K, 68% used [0x0000000080000000,0x0000000092f4b670,0x000000009ba80000)
 Metaspace       used 81707K, committed 83648K, reserved 1179648K
  class space    used 8155K, committed 9024K, reserved 1048576K
}
Event: 6437.175 GC heap after
{Heap after GC invocations=1704 (full 5):
 PSYoungGen      total 4096K, used 640K [0x00000000d5580000, 0x00000000d5a80000, 0x0000000100000000)
  eden space 3072K, 0% used [0x00000000d5580000,0x00000000d5580000,0x00000000d5880000)
  from space 1024K, 62% used [0x00000000d5880000,0x00000000d5920000,0x00000000d5980000)
  to   space 1024K, 0% used [0x00000000d5980000,0x00000000d5980000,0x00000000d5a80000)
 ParOldGen       total 453120K, used 311027K [0x0000000080000000, 0x000000009ba80000, 0x00000000d5580000)
  object space 453120K, 68% used [0x0000000080000000,0x0000000092fbcc88,0x000000009ba80000)
 Metaspace       used 81707K, committed 83648K, reserved 1179648K
  class space    used 8155K, committed 9024K, reserved 1048576K
}
Event: 6437.225 GC heap before
{Heap before GC invocations=1705 (full 5):
 PSYoungGen      total 4096K, used 3706K [0x00000000d5580000, 0x00000000d5a80000, 0x0000000100000000)
  eden space 3072K, 99% used [0x00000000d5580000,0x00000000d587e9c0,0x00000000d5880000)
  from space 1024K, 62% used [0x00000000d5880000,0x00000000d5920000,0x00000000d5980000)
  to   space 1024K, 0% used [0x00000000d5980000,0x00000000d5980000,0x00000000d5a80000)
 ParOldGen       total 453120K, used 311027K [0x0000000080000000, 0x000000009ba80000, 0x00000000d5580000)
  object space 453120K, 68% used [0x0000000080000000,0x0000000092fbcc88,0x000000009ba80000)
 Metaspace       used 81711K, committed 83648K, reserved 1179648K
  class space    used 8155K, committed 9024K, reserved 1048576K
}
Event: 6437.226 GC heap after
{Heap after GC invocations=1705 (full 5):
 PSYoungGen      total 4096K, used 448K [0x00000000d5580000, 0x00000000d5a80000, 0x0000000100000000)
  eden space 3072K, 0% used [0x00000000d5580000,0x00000000d5580000,0x00000000d5880000)
  from space 1024K, 43% used [0x00000000d5980000,0x00000000d59f0000,0x00000000d5a80000)
  to   space 1024K, 0% used [0x00000000d5880000,0x00000000d5880000,0x00000000d5980000)
 ParOldGen       total 453120K, used 311355K [0x0000000080000000, 0x000000009ba80000, 0x00000000d5580000)
  object space 453120K, 68% used [0x0000000080000000,0x000000009300ec88,0x000000009ba80000)
 Metaspace       used 81711K, committed 83648K, reserved 1179648K
  class space    used 8155K, committed 9024K, reserved 1048576K
}
Event: 6437.272 GC heap before
{Heap before GC invocations=1706 (full 5):
 PSYoungGen      total 4096K, used 3507K [0x00000000d5580000, 0x00000000d5a80000, 0x0000000100000000)
  eden space 3072K, 99% used [0x00000000d5580000,0x00000000d587cc40,0x00000000d5880000)
  from space 1024K, 43% used [0x00000000d5980000,0x00000000d59f0000,0x00000000d5a80000)
  to   space 1024K, 0% used [0x00000000d5880000,0x00000000d5880000,0x00000000d5980000)
 ParOldGen       total 453120K, used 311355K [0x0000000080000000, 0x000000009ba80000, 0x00000000d5580000)
  object space 453120K, 68% used [0x0000000080000000,0x000000009300ec88,0x000000009ba80000)
 Metaspace       used 81717K, committed 83648K, reserved 1179648K
  class space    used 8155K, committed 9024K, reserved 1048576K
}
Event: 6437.275 GC heap after
{Heap after GC invocations=1706 (full 5):
 PSYoungGen      total 4096K, used 704K [0x00000000d5580000, 0x00000000d5a80000, 0x0000000100000000)
  eden space 3072K, 0% used [0x00000000d5580000,0x00000000d5580000,0x00000000d5880000)
  from space 1024K, 68% used [0x00000000d5880000,0x00000000d5930000,0x00000000d5980000)
  to   space 1024K, 0% used [0x00000000d5980000,0x00000000d5980000,0x00000000d5a80000)
 ParOldGen       total 453120K, used 311731K [0x0000000080000000, 0x000000009ba80000, 0x00000000d5580000)
  object space 453120K, 68% used [0x0000000080000000,0x000000009306cc88,0x000000009ba80000)
 Metaspace       used 81717K, committed 83648K, reserved 1179648K
  class space    used 8155K, committed 9024K, reserved 1048576K
}
Event: 6437.345 GC heap before
{Heap before GC invocations=1707 (full 5):
 PSYoungGen      total 4096K, used 3775K [0x00000000d5580000, 0x00000000d5a80000, 0x0000000100000000)
  eden space 3072K, 99% used [0x00000000d5580000,0x00000000d587ffc0,0x00000000d5880000)
  from space 1024K, 68% used [0x00000000d5880000,0x00000000d5930000,0x00000000d5980000)
  to   space 1024K, 0% used [0x00000000d5980000,0x00000000d5980000,0x00000000d5a80000)
 ParOldGen       total 453120K, used 311731K [0x0000000080000000, 0x000000009ba80000, 0x00000000d5580000)
  object space 453120K, 68% used [0x0000000080000000,0x000000009306cc88,0x000000009ba80000)
 Metaspace       used 81782K, committed 83712K, reserved 1179648K
  class space    used 8163K, committed 9024K, reserved 1048576K
}
Event: 6437.349 GC heap after
{Heap after GC invocations=1707 (full 5):
 PSYoungGen      total 4096K, used 767K [0x00000000d5580000, 0x00000000d5a80000, 0x0000000100000000)
  eden space 3072K, 0% used [0x00000000d5580000,0x00000000d5580000,0x00000000d5880000)
  from space 1024K, 74% used [0x00000000d5980000,0x00000000d5a3ff70,0x00000000d5a80000)
  to   space 1024K, 0% used [0x00000000d5880000,0x00000000d5880000,0x00000000d5980000)
 ParOldGen       total 453120K, used 312299K [0x0000000080000000, 0x000000009ba80000, 0x00000000d5580000)
  object space 453120K, 68% used [0x0000000080000000,0x00000000930fac88,0x000000009ba80000)
 Metaspace       used 81782K, committed 83712K, reserved 1179648K
  class space    used 8163K, committed 9024K, reserved 1048576K
}
Event: 6437.395 GC heap before
{Heap before GC invocations=1708 (full 5):
 PSYoungGen      total 4096K, used 3839K [0x00000000d5580000, 0x00000000d5a80000, 0x0000000100000000)
  eden space 3072K, 100% used [0x00000000d5580000,0x00000000d5880000,0x00000000d5880000)
  from space 1024K, 74% used [0x00000000d5980000,0x00000000d5a3ff70,0x00000000d5a80000)
  to   space 1024K, 0% used [0x00000000d5880000,0x00000000d5880000,0x00000000d5980000)
 ParOldGen       total 453120K, used 312299K [0x0000000080000000, 0x000000009ba80000, 0x00000000d5580000)
  object space 453120K, 68% used [0x0000000080000000,0x00000000930fac88,0x000000009ba80000)
 Metaspace       used 81807K, committed 83712K, reserved 1179648K
  class space    used 8166K, committed 9024K, reserved 1048576K
}
Event: 6437.399 GC heap after
{Heap after GC invocations=1708 (full 5):
 PSYoungGen      total 4096K, used 1009K [0x00000000d5580000, 0x00000000d5c80000, 0x0000000100000000)
  eden space 3072K, 0% used [0x00000000d5580000,0x00000000d5580000,0x00000000d5880000)
  from space 1024K, 98% used [0x00000000d5880000,0x00000000d597c730,0x00000000d5980000)
  to   space 2048K, 0% used [0x00000000d5a80000,0x00000000d5a80000,0x00000000d5c80000)
 ParOldGen       total 453120K, used 313088K [0x0000000080000000, 0x000000009ba80000, 0x00000000d5580000)
  object space 453120K, 69% used [0x0000000080000000,0x00000000931c01a0,0x000000009ba80000)
 Metaspace       used 81807K, committed 83712K, reserved 1179648K
  class space    used 8166K, committed 9024K, reserved 1048576K
}
Event: 6437.466 GC heap before
{Heap before GC invocations=1709 (full 5):
 PSYoungGen      total 4096K, used 4081K [0x00000000d5580000, 0x00000000d5c80000, 0x0000000100000000)
  eden space 3072K, 99% used [0x00000000d5580000,0x00000000d587fff8,0x00000000d5880000)
  from space 1024K, 98% used [0x00000000d5880000,0x00000000d597c730,0x00000000d5980000)
  to   space 2048K, 0% used [0x00000000d5a80000,0x00000000d5a80000,0x00000000d5c80000)
 ParOldGen       total 453120K, used 313088K [0x0000000080000000, 0x000000009ba80000, 0x00000000d5580000)
  object space 453120K, 69% used [0x0000000080000000,0x00000000931c01a0,0x000000009ba80000)
 Metaspace       used 81859K, committed 83776K, reserved 1179648K
  class space    used 8175K, committed 9024K, reserved 1048576K
}
Event: 6437.471 GC heap after
{Heap after GC invocations=1709 (full 5):
 PSYoungGen      total 4096K, used 800K [0x00000000d5580000, 0x00000000d5b80000, 0x0000000100000000)
  eden space 3072K, 0% used [0x00000000d5580000,0x00000000d5580000,0x00000000d5880000)
  from space 1024K, 78% used [0x00000000d5a80000,0x00000000d5b48000,0x00000000d5b80000)
  to   space 1536K, 0% used [0x00000000d5880000,0x00000000d5880000,0x00000000d5a00000)
 ParOldGen       total 453120K, used 314116K [0x0000000080000000, 0x000000009ba80000, 0x00000000d5580000)
  object space 453120K, 69% used [0x0000000080000000,0x00000000932c1000,0x000000009ba80000)
 Metaspace       used 81859K, committed 83776K, reserved 1179648K
  class space    used 8175K, committed 9024K, reserved 1048576K
}

